<?xml version="1.0" encoding="UTF-8"?>
<robot generator="Robot 6.1.1 (Python 3.12.0 on win32)" generated="20231130 19:32:54.456" rpa="false" schemaversion="4">
<suite id="s1" name="DevOps Oct2023 TeamB Prac2" source="C:\Users\Luke Pavri\DevOps\DevOps_Oct2023_TeamB_Prac2">
<suite id="s1-s1" name="RobotTestCase" source="C:\Users\Luke Pavri\DevOps\DevOps_Oct2023_TeamB_Prac2\RobotTestCase">
<suite id="s1-s1-s1" name="TPTestCase" source="C:\Users\Luke Pavri\DevOps\DevOps_Oct2023_TeamB_Prac2\RobotTestCase\TPTestCase.robot">
<test id="s1-s1-s1-t1" name="Test for PFP brochure" line="49">
<kw name="Open TP Home Page">
<kw name="Open Browser" library="SeleniumLibrary">
<arg>${home_URL}</arg>
<arg>chrome</arg>
<doc>Opens a new browser instance to the optional ``url``.</doc>
<msg timestamp="20231130 19:32:54.985" level="INFO">Opening browser 'chrome' to base url 'https://www.tp.edu.sg/home.html'.</msg>
<status status="PASS" starttime="20231130 19:32:54.985" endtime="20231130 19:33:00.467"/>
</kw>
<kw name="Maximize Browser Window" library="SeleniumLibrary">
<doc>Maximizes current browser window.</doc>
<status status="PASS" starttime="20231130 19:33:00.467" endtime="20231130 19:33:00.587"/>
</kw>
<kw name="Title Should Be" library="SeleniumLibrary">
<arg>Home | Temasek Polytechnic</arg>
<doc>Verifies that the current page title equals ``title``.</doc>
<msg timestamp="20231130 19:33:00.595" level="INFO">Page title is 'Home | Temasek Polytechnic'.</msg>
<status status="PASS" starttime="20231130 19:33:00.587" endtime="20231130 19:33:00.595"/>
</kw>
<kw name="Location Should Be" library="SeleniumLibrary">
<arg>${home_URL}</arg>
<doc>Verifies that the current URL is exactly ``url``.</doc>
<msg timestamp="20231130 19:33:00.603" level="INFO">Current location is 'https://www.tp.edu.sg/home.html'.</msg>
<status status="PASS" starttime="20231130 19:33:00.595" endtime="20231130 19:33:00.603"/>
</kw>
<kw name="Click Element" library="SeleniumLibrary">
<arg>class:cmp-t-and-c-cookie-close</arg>
<doc>Click the element identified by ``locator``.</doc>
<msg timestamp="20231130 19:33:00.603" level="INFO">Clicking element 'class:cmp-t-and-c-cookie-close'.</msg>
<status status="PASS" starttime="20231130 19:33:00.603" endtime="20231130 19:33:00.715"/>
</kw>
<status status="PASS" starttime="20231130 19:32:54.985" endtime="20231130 19:33:00.715"/>
</kw>
<kw name="Open TP PFP Page">
<doc>To navigate to the PFP page and verify the title</doc>
<kw name="Wait Until Element Is Visible" library="SeleniumLibrary">
<arg>xpath=/html/body/div[2]/div[2]/div/div[1]/ul/li[1]/div[1]</arg>
<doc>Waits until the element ``locator`` is visible.</doc>
<status status="PASS" starttime="20231130 19:33:00.715" endtime="20231130 19:33:00.771"/>
</kw>
<kw name="Mouse Over" library="SeleniumLibrary">
<arg>xpath=/html/body/div[2]/div[2]/div/div[1]/ul/li[1]/div[1]</arg>
<doc>Simulates hovering the mouse over the element ``locator``.</doc>
<msg timestamp="20231130 19:33:00.771" level="INFO">Simulating Mouse Over on element 'xpath=/html/body/div[2]/div[2]/div/div[1]/ul/li[1]/div[1]'.</msg>
<status status="PASS" starttime="20231130 19:33:00.771" endtime="20231130 19:33:01.065"/>
</kw>
<kw name="Wait Until Element Is Visible" library="SeleniumLibrary">
<arg>xpath=/html/body/div[2]/div[2]/div/div[1]/ul/li[1]/div[2]/div/div[1]/a[3]</arg>
<doc>Waits until the element ``locator`` is visible.</doc>
<status status="PASS" starttime="20231130 19:33:01.065" endtime="20231130 19:33:01.097"/>
</kw>
<kw name="Mouse Over" library="SeleniumLibrary">
<arg>xpath=/html/body/div[2]/div[2]/div/div[1]/ul/li[1]/div[2]/div/div[1]/a[3]</arg>
<doc>Simulates hovering the mouse over the element ``locator``.</doc>
<msg timestamp="20231130 19:33:01.097" level="INFO">Simulating Mouse Over on element 'xpath=/html/body/div[2]/div[2]/div/div[1]/ul/li[1]/div[2]/div/div[1]/a[3]'.</msg>
<status status="PASS" starttime="20231130 19:33:01.097" endtime="20231130 19:33:01.403"/>
</kw>
<kw name="Click Element" library="SeleniumLibrary">
<arg>xpath=/html/body/div[2]/div[2]/div/div[1]/ul/li[1]/div[2]/div/div[1]/a[3]</arg>
<doc>Click the element identified by ``locator``.</doc>
<msg timestamp="20231130 19:33:01.403" level="INFO">Clicking element 'xpath=/html/body/div[2]/div[2]/div/div[1]/ul/li[1]/div[2]/div/div[1]/a[3]'.</msg>
<status status="PASS" starttime="20231130 19:33:01.403" endtime="20231130 19:33:04.490"/>
</kw>
<kw name="Title Should Be" library="SeleniumLibrary">
<arg>Polytechnic Foundation Programme | Temasek Polytechnic</arg>
<doc>Verifies that the current page title equals ``title``.</doc>
<msg timestamp="20231130 19:33:04.498" level="INFO">Page title is 'Polytechnic Foundation Programme | Temasek Polytechnic'.</msg>
<status status="PASS" starttime="20231130 19:33:04.490" endtime="20231130 19:33:04.498"/>
</kw>
<kw name="Location Should Be" library="SeleniumLibrary">
<arg>${pfp_URL}</arg>
<doc>Verifies that the current URL is exactly ``url``.</doc>
<msg timestamp="20231130 19:33:04.498" level="INFO">Current location is 'https://www.tp.edu.sg/schools-and-courses/students/schools/cfs/polytechnic-foundation-programme-pfp.html'.</msg>
<status status="PASS" starttime="20231130 19:33:04.498" endtime="20231130 19:33:04.498"/>
</kw>
<status status="PASS" starttime="20231130 19:33:00.715" endtime="20231130 19:33:04.498"/>
</kw>
<kw name="View TP PFP brochure">
<doc>To view the PFP brochure, the website should bring to a new tab and verify the title</doc>
<kw name="Wait Until Element Is Visible" library="SeleniumLibrary">
<arg>xpath=/html/body/div[3]/div[1]/div/div[3]/div/div/div[2]/div/div[3]/div/div/p[6]/a</arg>
<doc>Waits until the element ``locator`` is visible.</doc>
<status status="PASS" starttime="20231130 19:33:04.506" endtime="20231130 19:33:04.570"/>
</kw>
<kw name="Click Link" library="SeleniumLibrary">
<arg>View the brochure</arg>
<doc>Clicks a link identified by ``locator``.</doc>
<msg timestamp="20231130 19:33:04.578" level="INFO">Clicking link 'View the brochure'.</msg>
<status status="PASS" starttime="20231130 19:33:04.570" endtime="20231130 19:33:04.758"/>
</kw>
<kw name="Sleep" library="BuiltIn">
<arg>3</arg>
<doc>Pauses the test executed for the given time.</doc>
<msg timestamp="20231130 19:33:07.759" level="INFO">Slept 3 seconds</msg>
<status status="PASS" starttime="20231130 19:33:04.758" endtime="20231130 19:33:07.759"/>
</kw>
<kw name="Switch Window" library="SeleniumLibrary">
<arg>locator=NEW</arg>
<doc>Switches to browser window matching ``locator``.</doc>
<status status="PASS" starttime="20231130 19:33:07.759" endtime="20231130 19:33:07.770"/>
</kw>
<kw name="Location Should Be" library="SeleniumLibrary">
<arg>${pfp_brochure_URL}</arg>
<doc>Verifies that the current URL is exactly ``url``.</doc>
<msg timestamp="20231130 19:33:07.786" level="INFO">Current location is 'https://www.tp.edu.sg/content/dam/tp-web/files/schools-n-courses/for-prospective-students/centre-for-foundation-programme/polytechnic-foundation-programme/PFP%20booklet%202023.pdf'.</msg>
<status status="PASS" starttime="20231130 19:33:07.770" endtime="20231130 19:33:07.786"/>
</kw>
<kw name="Close Window" library="SeleniumLibrary">
<doc>Closes currently opened and selected browser window/tab.</doc>
<status status="PASS" starttime="20231130 19:33:07.786" endtime="20231130 19:33:07.834"/>
</kw>
<status status="PASS" starttime="20231130 19:33:04.506" endtime="20231130 19:33:07.834"/>
</kw>
<kw name="Close Browser" library="SeleniumLibrary">
<doc>Closes the current browser.</doc>
<status status="PASS" starttime="20231130 19:33:07.842" endtime="20231130 19:33:10.159"/>
</kw>
<doc>This test case is for PFP Polytechnic Foundation Programme</doc>
<status status="PASS" starttime="20231130 19:32:54.977" endtime="20231130 19:33:10.159"/>
</test>
<test id="s1-s1-s1-t2" name="Test to search function" line="56">
<kw name="Open TP Home Page">
<kw name="Open Browser" library="SeleniumLibrary">
<arg>${home_URL}</arg>
<arg>chrome</arg>
<doc>Opens a new browser instance to the optional ``url``.</doc>
<msg timestamp="20231130 19:33:10.167" level="INFO">Opening browser 'chrome' to base url 'https://www.tp.edu.sg/home.html'.</msg>
<status status="PASS" starttime="20231130 19:33:10.159" endtime="20231130 19:33:15.219"/>
</kw>
<kw name="Maximize Browser Window" library="SeleniumLibrary">
<doc>Maximizes current browser window.</doc>
<status status="PASS" starttime="20231130 19:33:15.219" endtime="20231130 19:33:15.347"/>
</kw>
<kw name="Title Should Be" library="SeleniumLibrary">
<arg>Home | Temasek Polytechnic</arg>
<doc>Verifies that the current page title equals ``title``.</doc>
<msg timestamp="20231130 19:33:15.355" level="INFO">Page title is 'Home | Temasek Polytechnic'.</msg>
<status status="PASS" starttime="20231130 19:33:15.347" endtime="20231130 19:33:15.355"/>
</kw>
<kw name="Location Should Be" library="SeleniumLibrary">
<arg>${home_URL}</arg>
<doc>Verifies that the current URL is exactly ``url``.</doc>
<msg timestamp="20231130 19:33:15.363" level="INFO">Current location is 'https://www.tp.edu.sg/home.html'.</msg>
<status status="PASS" starttime="20231130 19:33:15.355" endtime="20231130 19:33:15.363"/>
</kw>
<kw name="Click Element" library="SeleniumLibrary">
<arg>class:cmp-t-and-c-cookie-close</arg>
<doc>Click the element identified by ``locator``.</doc>
<msg timestamp="20231130 19:33:15.363" level="INFO">Clicking element 'class:cmp-t-and-c-cookie-close'.</msg>
<status status="PASS" starttime="20231130 19:33:15.363" endtime="20231130 19:33:15.459"/>
</kw>
<status status="PASS" starttime="20231130 19:33:10.159" endtime="20231130 19:33:15.459"/>
</kw>
<kw name="Search CommonICT">
<doc>This will search for Common ICT programme into the search bar in the TP Home</doc>
<kw name="Input Text" library="SeleniumLibrary">
<arg>css:input[placeholder="What can we help you find?"]</arg>
<arg>Common ICT</arg>
<doc>Types the given ``text`` into the text field identified by ``locator``.</doc>
<msg timestamp="20231130 19:33:15.459" level="INFO">Typing text 'Common ICT' into text field 'css:input[placeholder="What can we help you find?"]'.</msg>
<status status="PASS" starttime="20231130 19:33:15.459" endtime="20231130 19:33:15.619"/>
</kw>
<kw name="Press Keys" library="SeleniumLibrary">
<arg>None</arg>
<arg>ENTER</arg>
<doc>Simulates the user pressing key(s) to an element or on the active browser.</doc>
<msg timestamp="20231130 19:33:15.619" level="INFO">Sending key(s) ('ENTER',) to page.</msg>
<msg timestamp="20231130 19:33:15.619" level="INFO">Pressing special key ENTER to browser.</msg>
<msg timestamp="20231130 19:33:15.619" level="INFO">Releasing special key ENTER.</msg>
<status status="PASS" starttime="20231130 19:33:15.619" endtime="20231130 19:33:17.178"/>
</kw>
<kw name="Sleep" library="BuiltIn">
<arg>3</arg>
<doc>Pauses the test executed for the given time.</doc>
<msg timestamp="20231130 19:33:20.178" level="INFO">Slept 3 seconds</msg>
<status status="PASS" starttime="20231130 19:33:17.178" endtime="20231130 19:33:20.178"/>
</kw>
<status status="PASS" starttime="20231130 19:33:15.459" endtime="20231130 19:33:20.178"/>
</kw>
<kw name="Close Browser" library="SeleniumLibrary">
<doc>Closes the current browser.</doc>
<status status="PASS" starttime="20231130 19:33:20.178" endtime="20231130 19:33:22.575"/>
</kw>
<doc>This test case is to test the search function of the TP Home</doc>
<status status="PASS" starttime="20231130 19:33:10.159" endtime="20231130 19:33:22.575"/>
</test>
<status status="PASS" starttime="20231130 19:32:54.504" endtime="20231130 19:33:22.575"/>
</suite>
<status status="PASS" starttime="20231130 19:32:54.496" endtime="20231130 19:33:22.582"/>
</suite>
<status status="PASS" starttime="20231130 19:32:54.456" endtime="20231130 19:33:22.582"/>
</suite>
<statistics>
<total>
<stat pass="2" fail="0" skip="0">All Tests</stat>
</total>
<tag>
</tag>
<suite>
<stat pass="2" fail="0" skip="0" id="s1" name="DevOps Oct2023 TeamB Prac2">DevOps Oct2023 TeamB Prac2</stat>
<stat pass="2" fail="0" skip="0" id="s1-s1" name="RobotTestCase">DevOps Oct2023 TeamB Prac2.RobotTestCase</stat>
<stat pass="2" fail="0" skip="0" id="s1-s1-s1" name="TPTestCase">DevOps Oct2023 TeamB Prac2.RobotTestCase.TPTestCase</stat>
</suite>
</statistics>
<errors>
</errors>
</robot>
