<?xml version="1.0" encoding="UTF-8"?>
<robot generator="Robot 6.1.1 (Python 3.12.0 on win32)" generated="20231130 17:30:47.353" rpa="false" schemaversion="4">
<suite id="s1" name="RobotTestCase" source="C:\Users\Wan Mai Ng\DevOps_Oct2023_TeamB_Prac2\RobotTestCase">
<suite id="s1-s1" name="TPTestCase" source="C:\Users\Wan Mai Ng\DevOps_Oct2023_TeamB_Prac2\RobotTestCase\TPTestCase.robot">
<test id="s1-s1-t1" name="Campus News" line="16">
<kw name="Open TP Home Page">
<kw name="Open Browser" library="SeleniumLibrary">
<arg>${home_URL}</arg>
<arg>chrome</arg>
<doc>Opens a new browser instance to the optional ``url``.</doc>
<msg timestamp="20231130 17:30:47.607" level="INFO">Opening browser 'chrome' to base url 'https://www.tp.edu.sg/home.html'.</msg>
<status status="PASS" starttime="20231130 17:30:47.607" endtime="20231130 17:31:00.890"/>
</kw>
<kw name="Maximize Browser Window" library="SeleniumLibrary">
<doc>Maximizes current browser window.</doc>
<status status="PASS" starttime="20231130 17:31:00.890" endtime="20231130 17:31:01.016"/>
</kw>
<kw name="Title Should Be" library="SeleniumLibrary">
<arg>Home | Temasek Polytechnic</arg>
<doc>Verifies that the current page title equals ``title``.</doc>
<msg timestamp="20231130 17:31:01.024" level="INFO">Page title is 'Home | Temasek Polytechnic'.</msg>
<status status="PASS" starttime="20231130 17:31:01.016" endtime="20231130 17:31:01.024"/>
</kw>
<kw name="Location Should Be" library="SeleniumLibrary">
<arg>${home_URL}</arg>
<doc>Verifies that the current URL is exactly ``url``.</doc>
<msg timestamp="20231130 17:31:01.030" level="INFO">Current location is 'https://www.tp.edu.sg/home.html'.</msg>
<status status="PASS" starttime="20231130 17:31:01.024" endtime="20231130 17:31:01.030"/>
</kw>
<status status="PASS" starttime="20231130 17:30:47.607" endtime="20231130 17:31:01.031"/>
</kw>
<kw name="Click Element" library="SeleniumLibrary">
<arg>xpath = /html/body/div[2]/div[2]/div/div[1]/ul/li[5]/div[1]</arg>
<doc>Click the element identified by ``locator``.</doc>
<msg timestamp="20231130 17:31:01.031" level="INFO">Clicking element 'xpath = /html/body/div[2]/div[2]/div/div[1]/ul/li[5]/div[1]'.</msg>
<status status="PASS" starttime="20231130 17:31:01.031" endtime="20231130 17:31:01.110"/>
</kw>
<kw name="Click Element" library="SeleniumLibrary">
<arg>xpath = /html/body/div[2]/div[2]/div/div[1]/ul/li[5]/div[2]/div/div[2]/a[3]</arg>
<doc>Click the element identified by ``locator``.</doc>
<msg timestamp="20231130 17:31:01.111" level="INFO">Clicking element 'xpath = /html/body/div[2]/div[2]/div/div[1]/ul/li[5]/div[2]/div/div[2]/a[3]'.</msg>
<status status="PASS" starttime="20231130 17:31:01.111" endtime="20231130 17:31:05.081"/>
</kw>
<kw name="Click Element" library="SeleniumLibrary">
<arg>xpath = /html/body/div[6]/div/div/div</arg>
<doc>Click the element identified by ``locator``.</doc>
<msg timestamp="20231130 17:31:05.082" level="INFO">Clicking element 'xpath = /html/body/div[6]/div/div/div'.</msg>
<status status="PASS" starttime="20231130 17:31:05.081" endtime="20231130 17:31:05.153"/>
</kw>
<kw name="Click Element" library="SeleniumLibrary">
<arg>xpath = //*[@id="release-list-filter"]/div[2]/div/div[6]/div[1]/div/a</arg>
<doc>Click the element identified by ``locator``.</doc>
<msg timestamp="20231130 17:31:05.155" level="INFO">Clicking element 'xpath = //*[@id="release-list-filter"]/div[2]/div/div[6]/div[1]/div/a'.</msg>
<status status="PASS" starttime="20231130 17:31:05.154" endtime="20231130 17:31:05.251"/>
</kw>
<kw name="Create List" library="BuiltIn">
<var>${ict_checkbox}</var>
<arg>//*[@id="new-filter-6"]/div/label[2]/span</arg>
<arg>//*[@id="new-filter-6"]/div/label[3]/span</arg>
<arg>//*[@id="new-filter-6"]/div/label[4]/span</arg>
<arg>//*[@id="new-filter-6"]/div/label[5]/span</arg>
<arg>//*[@id="new-filter-6"]/div/label[6]/span</arg>
<arg>//*[@id="new-filter-6"]/div/label[7]/span</arg>
<arg>//*[@id="new-filter-6"]/div/label[8]/span</arg>
<doc>Returns a list containing given items.</doc>
<msg timestamp="20231130 17:31:05.251" level="INFO">${ict_checkbox} = ['//*[@id="new-filter-6"]/div/label[2]/span', '//*[@id="new-filter-6"]/div/label[3]/span', '//*[@id="new-filter-6"]/div/label[4]/span', '//*[@id="new-filter-6"]/div/label[5]/span', '//*[@id="new-filte...</msg>
<status status="PASS" starttime="20231130 17:31:05.251" endtime="20231130 17:31:05.251"/>
</kw>
<for flavor="IN">
<var>${filter}</var>
<value>@{ict_checkbox}</value>
<iter>
<var name="${filter}">//*[@id="new-filter-6"]/div/label[2]/span</var>
<kw name="Click Element" library="SeleniumLibrary">
<arg>xpath=${filter}</arg>
<doc>Click the element identified by ``locator``.</doc>
<msg timestamp="20231130 17:31:05.252" level="INFO">Clicking element 'xpath=//*[@id="new-filter-6"]/div/label[2]/span'.</msg>
<status status="PASS" starttime="20231130 17:31:05.252" endtime="20231130 17:31:05.359"/>
</kw>
<status status="PASS" starttime="20231130 17:31:05.252" endtime="20231130 17:31:05.359"/>
</iter>
<iter>
<var name="${filter}">//*[@id="new-filter-6"]/div/label[3]/span</var>
<kw name="Click Element" library="SeleniumLibrary">
<arg>xpath=${filter}</arg>
<doc>Click the element identified by ``locator``.</doc>
<msg timestamp="20231130 17:31:05.360" level="INFO">Clicking element 'xpath=//*[@id="new-filter-6"]/div/label[3]/span'.</msg>
<status status="PASS" starttime="20231130 17:31:05.360" endtime="20231130 17:31:05.513"/>
</kw>
<status status="PASS" starttime="20231130 17:31:05.360" endtime="20231130 17:31:05.513"/>
</iter>
<iter>
<var name="${filter}">//*[@id="new-filter-6"]/div/label[4]/span</var>
<kw name="Click Element" library="SeleniumLibrary">
<arg>xpath=${filter}</arg>
<doc>Click the element identified by ``locator``.</doc>
<msg timestamp="20231130 17:31:05.514" level="INFO">Clicking element 'xpath=//*[@id="new-filter-6"]/div/label[4]/span'.</msg>
<status status="PASS" starttime="20231130 17:31:05.513" endtime="20231130 17:31:05.609"/>
</kw>
<status status="PASS" starttime="20231130 17:31:05.513" endtime="20231130 17:31:05.609"/>
</iter>
<iter>
<var name="${filter}">//*[@id="new-filter-6"]/div/label[5]/span</var>
<kw name="Click Element" library="SeleniumLibrary">
<arg>xpath=${filter}</arg>
<doc>Click the element identified by ``locator``.</doc>
<msg timestamp="20231130 17:31:05.610" level="INFO">Clicking element 'xpath=//*[@id="new-filter-6"]/div/label[5]/span'.</msg>
<status status="PASS" starttime="20231130 17:31:05.609" endtime="20231130 17:31:05.675"/>
</kw>
<status status="PASS" starttime="20231130 17:31:05.609" endtime="20231130 17:31:05.675"/>
</iter>
<iter>
<var name="${filter}">//*[@id="new-filter-6"]/div/label[6]/span</var>
<kw name="Click Element" library="SeleniumLibrary">
<arg>xpath=${filter}</arg>
<doc>Click the element identified by ``locator``.</doc>
<msg timestamp="20231130 17:31:05.676" level="INFO">Clicking element 'xpath=//*[@id="new-filter-6"]/div/label[6]/span'.</msg>
<status status="PASS" starttime="20231130 17:31:05.675" endtime="20231130 17:31:05.745"/>
</kw>
<status status="PASS" starttime="20231130 17:31:05.675" endtime="20231130 17:31:05.745"/>
</iter>
<iter>
<var name="${filter}">//*[@id="new-filter-6"]/div/label[7]/span</var>
<kw name="Click Element" library="SeleniumLibrary">
<arg>xpath=${filter}</arg>
<doc>Click the element identified by ``locator``.</doc>
<msg timestamp="20231130 17:31:05.746" level="INFO">Clicking element 'xpath=//*[@id="new-filter-6"]/div/label[7]/span'.</msg>
<status status="PASS" starttime="20231130 17:31:05.746" endtime="20231130 17:31:05.808"/>
</kw>
<status status="PASS" starttime="20231130 17:31:05.746" endtime="20231130 17:31:05.808"/>
</iter>
<iter>
<var name="${filter}">//*[@id="new-filter-6"]/div/label[8]/span</var>
<kw name="Click Element" library="SeleniumLibrary">
<arg>xpath=${filter}</arg>
<doc>Click the element identified by ``locator``.</doc>
<msg timestamp="20231130 17:31:05.810" level="INFO">Clicking element 'xpath=//*[@id="new-filter-6"]/div/label[8]/span'.</msg>
<status status="PASS" starttime="20231130 17:31:05.810" endtime="20231130 17:31:05.883"/>
</kw>
<status status="PASS" starttime="20231130 17:31:05.808" endtime="20231130 17:31:05.883"/>
</iter>
<status status="PASS" starttime="20231130 17:31:05.251" endtime="20231130 17:31:05.883"/>
</for>
<kw name="Scroll Element Into View" library="SeleniumLibrary">
<arg>xpath = //*[@id="search-content-release"]</arg>
<doc>Scrolls the element identified by ``locator`` into view.</doc>
<status status="PASS" starttime="20231130 17:31:05.883" endtime="20231130 17:31:06.194"/>
</kw>
<kw name="Click Element" library="SeleniumLibrary">
<arg>xpath = //*[@id="search-content-release"]</arg>
<doc>Click the element identified by ``locator``.</doc>
<msg timestamp="20231130 17:31:06.196" level="INFO">Clicking element 'xpath = //*[@id="search-content-release"]'.</msg>
<status status="PASS" starttime="20231130 17:31:06.194" endtime="20231130 17:31:06.271"/>
</kw>
<kw name="Input Text" library="SeleniumLibrary">
<arg>xpath = //*[@id="search-content-release"]</arg>
<arg>game</arg>
<doc>Types the given ``text`` into the text field identified by ``locator``.</doc>
<msg timestamp="20231130 17:31:06.272" level="INFO">Typing text 'game' into text field 'xpath = //*[@id="search-content-release"]'.</msg>
<status status="PASS" starttime="20231130 17:31:06.271" endtime="20231130 17:31:06.359"/>
</kw>
<kw name="Press Keys" library="SeleniumLibrary">
<arg>xpath = //*[@id="search-content-release"]</arg>
<arg>ENTER</arg>
<doc>Simulates the user pressing key(s) to an element or on the active browser.</doc>
<msg timestamp="20231130 17:31:06.361" level="INFO">Sending key(s) ('ENTER',) to xpath = //*[@id="search-content-release"] element.</msg>
<msg timestamp="20231130 17:31:06.647" level="INFO">Pressing special key ENTER to element.</msg>
<msg timestamp="20231130 17:31:06.647" level="INFO">Releasing special key ENTER.</msg>
<status status="PASS" starttime="20231130 17:31:06.360" endtime="20231130 17:31:06.655"/>
</kw>
<kw name="Sleep" library="BuiltIn">
<arg>2s</arg>
<doc>Pauses the test executed for the given time.</doc>
<msg timestamp="20231130 17:31:08.657" level="INFO">Slept 2 seconds</msg>
<status status="PASS" starttime="20231130 17:31:06.655" endtime="20231130 17:31:08.657"/>
</kw>
<kw name="Wait Until Element Is Visible" library="SeleniumLibrary">
<arg>xpath = /html/body/div[3]/div[1]/div/div[3]/div/div[2]/div/div[3]/div[2]/div[2]/a</arg>
<arg>timeout=10s</arg>
<doc>Waits until the element ``locator`` is visible.</doc>
<status status="PASS" starttime="20231130 17:31:08.657" endtime="20231130 17:31:08.687"/>
</kw>
<kw name="Click Element" library="SeleniumLibrary">
<arg>xpath = /html/body/div[3]/div[1]/div/div[3]/div/div[2]/div/div[3]/div[2]/div[2]/a</arg>
<doc>Click the element identified by ``locator``.</doc>
<msg timestamp="20231130 17:31:08.688" level="INFO">Clicking element 'xpath = /html/body/div[3]/div[1]/div/div[3]/div/div[2]/div/div[3]/div[2]/div[2]/a'.</msg>
<status status="PASS" starttime="20231130 17:31:08.688" endtime="20231130 17:31:09.017"/>
</kw>
<kw name="Sleep" library="BuiltIn">
<arg>5s</arg>
<doc>Pauses the test executed for the given time.</doc>
<msg timestamp="20231130 17:31:14.017" level="INFO">Slept 5 seconds</msg>
<status status="PASS" starttime="20231130 17:31:09.017" endtime="20231130 17:31:14.017"/>
</kw>
<kw name="Close Browser" library="SeleniumLibrary">
<doc>Closes the current browser.</doc>
<status status="PASS" starttime="20231130 17:31:14.020" endtime="20231130 17:31:16.217"/>
</kw>
<doc>Test Case for navigating and filtering TP campus news</doc>
<status status="PASS" starttime="20231130 17:30:47.606" endtime="20231130 17:31:16.218"/>
</test>
<status status="PASS" starttime="20231130 17:30:47.373" endtime="20231130 17:31:16.222"/>
</suite>
<status status="PASS" starttime="20231130 17:30:47.354" endtime="20231130 17:31:16.224"/>
</suite>
<statistics>
<total>
<stat pass="1" fail="0" skip="0">All Tests</stat>
</total>
<tag>
</tag>
<suite>
<stat pass="1" fail="0" skip="0" id="s1" name="RobotTestCase">RobotTestCase</stat>
<stat pass="1" fail="0" skip="0" id="s1-s1" name="TPTestCase">RobotTestCase.TPTestCase</stat>
</suite>
</statistics>
<errors>
</errors>
</robot>
